# JRE version: OpenJDK Runtime Environment Zulu17.62+17-CA (17.0.17+10) (build 17.0.17+10-LTS)
# Java VM: OpenJDK Client VM Zulu17.62+17-CA (17.0.17+10-LTS, mixed mode, emulated-client, serial gc, windows-x86)
GC Precious Log:
 CPUs: 8 total, 8 available
 Memory: 16058M
 Large Page Support: Disabled
 NUMA Support: Disabled
 Compressed Oops: Disabled
 Heap Min Capacity: 6M
 Heap Initial Capacity: 16M
 Heap Max Capacity: 1536M
 Pre-touch: Disabled
Heap:
 def new generation   total 126400K, used 71178K [0x04e00000, 0x0d720000, 0x24e00000)
  eden space 112384K,  53% used [0x04e00000, 0x088a7fc0, 0x0bbc0000)
  from space 14016K,  79% used [0x0bbc0000, 0x0c69a8e0, 0x0c970000)
  to   space 14016K,   0% used [0x0c970000, 0x0c970000, 0x0d720000)
 tenured generation   total 280240K, used 256304K [0x24e00000, 0x35fac000, 0x64e00000)
   the space 280240K,  91% used [0x24e00000, 0x3484c390, 0x3484c400, 0x35fac000)
 Metaspace       used 65233K, committed 65536K, reserved 65536K
GC Heap History (20 events):
Event: 434.038 GC heap before
{Heap before GC invocations=62 (full 4):
 def new generation   total 34560K, used 32236K [0x04e00000, 0x07380000, 0x24e00000)
  eden space 30720K, 100% used [0x04e00000, 0x06c00000, 0x06c00000)
  from space 3840K,  39% used [0x06c00000, 0x06d7b3f8, 0x06fc0000)
  to   space 3840K,   0% used [0x06fc0000, 0x06fc0000, 0x07380000)
 tenured generation   total 76476K, used 65879K [0x24e00000, 0x298af000, 0x64e00000)
   the space 76476K,  86% used [0x24e00000, 0x28e55d60, 0x28e55e00, 0x298af000)
 Metaspace       used 63739K, committed 64192K, reserved 65536K
}
Event: 434.051 GC heap after
{Heap after GC invocations=63 (full 4):
 def new generation   total 34560K, used 3840K [0x04e00000, 0x07380000, 0x24e00000)
  eden space 30720K,   0% used [0x04e00000, 0x04e00000, 0x06c00000)
  from space 3840K, 100% used [0x06fc0000, 0x07380000, 0x07380000)
  to   space 3840K,   0% used [0x06c00000, 0x06c00000, 0x06fc0000)
 tenured generation   total 76476K, used 65993K [0x24e00000, 0x298af000, 0x64e00000)
   the space 76476K,  86% used [0x24e00000, 0x28e72598, 0x28e72600, 0x298af000)
 Metaspace       used 63739K, committed 64192K, reserved 65536K
}
Event: 435.370 GC heap before
{Heap before GC invocations=63 (full 4):
 def new generation   total 34560K, used 34557K [0x04e00000, 0x07380000, 0x24e00000)
  eden space 30720K,  99% used [0x04e00000, 0x06bff460, 0x06c00000)
  from space 3840K, 100% used [0x06fc0000, 0x07380000, 0x07380000)
  to   space 3840K,   0% used [0x06c00000, 0x06c00000, 0x06fc0000)
 tenured generation   total 76476K, used 65993K [0x24e00000, 0x298af000, 0x64e00000)
   the space 76476K,  86% used [0x24e00000, 0x28e72598, 0x28e72600, 0x298af000)
 Metaspace       used 63777K, committed 64192K, reserved 65536K
}
Event: 435.388 GC heap after
{Heap after GC invocations=64 (full 4):
 def new generation   total 34560K, used 2809K [0x04e00000, 0x07380000, 0x24e00000)
  eden space 30720K,   0% used [0x04e00000, 0x04e00000, 0x06c00000)
  from space 3840K,  73% used [0x06c00000, 0x06ebe7d0, 0x06fc0000)
  to   space 3840K,   0% used [0x06fc0000, 0x06fc0000, 0x07380000)
 tenured generation   total 76476K, used 69738K [0x24e00000, 0x298af000, 0x64e00000)
   the space 76476K,  91% used [0x24e00000, 0x2921a9b0, 0x2921aa00, 0x298af000)
 Metaspace       used 63777K, committed 64192K, reserved 65536K
}
Event: 604.356 GC heap before
{Heap before GC invocations=64 (full 4):
 def new generation   total 34560K, used 33529K [0x04e00000, 0x07380000, 0x24e00000)
  eden space 30720K, 100% used [0x04e00000, 0x06c00000, 0x06c00000)
  from space 3840K,  73% used [0x06c00000, 0x06ebe7d0, 0x06fc0000)
  to   space 3840K,   0% used [0x06fc0000, 0x06fc0000, 0x07380000)
 tenured generation   total 76476K, used 69738K [0x24e00000, 0x298af000, 0x64e00000)
   the space 76476K,  91% used [0x24e00000, 0x2921a9b0, 0x2921aa00, 0x298af000)
 Metaspace       used 63798K, committed 64256K, reserved 65536K
}
Event: 604.372 GC heap after
{Heap after GC invocations=65 (full 4):
 def new generation   total 34560K, used 214K [0x04e00000, 0x07380000, 0x24e00000)
  eden space 30720K,   0% used [0x04e00000, 0x04e00000, 0x06c00000)
  from space 3840K,   5% used [0x06fc0000, 0x06ff5b68, 0x07380000)
  to   space 3840K,   0% used [0x06c00000, 0x06c00000, 0x06fc0000)
 tenured generation   total 76476K, used 72275K [0x24e00000, 0x298af000, 0x64e00000)
   the space 76476K,  94% used [0x24e00000, 0x29494f50, 0x29495000, 0x298af000)
 Metaspace       used 63798K, committed 64256K, reserved 65536K
}
Event: 658.770 GC heap before
{Heap before GC invocations=65 (full 4):
 def new generation   total 34560K, used 29316K [0x04e00000, 0x07380000, 0x24e00000)
  eden space 30720K,  94% used [0x04e00000, 0x06a6b5f0, 0x06c00000)
  from space 3840K,   5% used [0x06fc0000, 0x06ff5b68, 0x07380000)
  to   space 3840K,   0% used [0x06c00000, 0x06c00000, 0x06fc0000)
 tenured generation   total 76476K, used 72275K [0x24e00000, 0x298af000, 0x64e00000)
   the space 76476K,  94% used [0x24e00000, 0x29494f50, 0x29495000, 0x298af000)
 Metaspace       used 63924K, committed 64384K, reserved 65536K
}
Event: 658.784 GC heap after
{Heap after GC invocations=66 (full 4):
 def new generation   total 34560K, used 331K [0x04e00000, 0x07380000, 0x24e00000)
  eden space 30720K,   0% used [0x04e00000, 0x04e00000, 0x06c00000)
  from space 3840K,   8% used [0x06c00000, 0x06c52c30, 0x06fc0000)
  to   space 3840K,   0% used [0x06fc0000, 0x06fc0000, 0x07380000)
 tenured generation   total 94896K, used 90691K [0x24e00000, 0x2aaac000, 0x64e00000)
   the space 94896K,  95% used [0x24e00000, 0x2a690fe0, 0x2a691000, 0x2aaac000)
 Metaspace       used 63924K, committed 64384K, reserved 65536K
}
Event: 658.784 GC heap before
{Heap before GC invocations=66 (full 4):
 def new generation   total 34560K, used 331K [0x04e00000, 0x07380000, 0x24e00000)
  eden space 30720K,   0% used [0x04e00000, 0x04e00000, 0x06c00000)
  from space 3840K,   8% used [0x06c00000, 0x06c52c30, 0x06fc0000)
  to   space 3840K,   0% used [0x06fc0000, 0x06fc0000, 0x07380000)
 tenured generation   total 94896K, used 90691K [0x24e00000, 0x2aaac000, 0x64e00000)
   the space 94896K,  95% used [0x24e00000, 0x2a690fe0, 0x2a691000, 0x2aaac000)
 Metaspace       used 63924K, committed 64384K, reserved 65536K
}
Event: 659.013 GC heap after
{Heap after GC invocations=66 (full 5):
 def new generation   total 61184K, used 0K [0x04e00000, 0x09060000, 0x24e00000)
  eden space 54400K,   0% used [0x04e00000, 0x04e00000, 0x08320000)
  from space 6784K,   0% used [0x08320000, 0x08320000, 0x089c0000)
  to   space 6784K,   0% used [0x089c0000, 0x089c0000, 0x09060000)
 tenured generation   total 135436K, used 81259K [0x24e00000, 0x2d243000, 0x64e00000)
   the space 135436K,  59% used [0x24e00000, 0x29d5ad60, 0x29d5ae00, 0x2d243000)
 Metaspace       used 63558K, committed 64384K, reserved 65536K
}
Event: 659.036 GC heap before
{Heap before GC invocations=66 (full 5):
 def new generation   total 61184K, used 47489K [0x04e00000, 0x09060000, 0x24e00000)
  eden space 54400K,  87% used [0x04e00000, 0x07c60778, 0x08320000)
  from space 6784K,   0% used [0x08320000, 0x08320000, 0x089c0000)
  to   space 6784K,   0% used [0x089c0000, 0x089c0000, 0x09060000)
 tenured generation   total 135436K, used 81259K [0x24e00000, 0x2d243000, 0x64e00000)
   the space 135436K,  59% used [0x24e00000, 0x29d5ad60, 0x29d5ae00, 0x2d243000)
 Metaspace       used 63558K, committed 64384K, reserved 65536K
}
Event: 659.075 GC heap after
{Heap after GC invocations=67 (full 5):
 def new generation   total 61184K, used 2K [0x04e00000, 0x09060000, 0x24e00000)
  eden space 54400K,   0% used [0x04e00000, 0x04e00000, 0x08320000)
  from space 6784K,   0% used [0x089c0000, 0x089c0868, 0x09060000)
  to   space 6784K,   0% used [0x08320000, 0x08320000, 0x089c0000)
 tenured generation   total 135436K, used 128394K [0x24e00000, 0x2d243000, 0x64e00000)
   the space 135436K,  94% used [0x24e00000, 0x2cb62a28, 0x2cb62c00, 0x2d243000)
 Metaspace       used 63558K, committed 64384K, reserved 65536K
}
Event: 659.113 GC heap before
{Heap before GC invocations=67 (full 5):
 def new generation   total 61184K, used 40306K [0x04e00000, 0x09060000, 0x24e00000)
  eden space 54400K,  74% used [0x04e00000, 0x0755c260, 0x08320000)
  from space 6784K,   0% used [0x089c0000, 0x089c0868, 0x09060000)
  to   space 6784K,   0% used [0x08320000, 0x08320000, 0x089c0000)
 tenured generation   total 135436K, used 128394K [0x24e00000, 0x2d243000, 0x64e00000)
   the space 135436K,  94% used [0x24e00000, 0x2cb62a28, 0x2cb62c00, 0x2d243000)
 Metaspace       used 63558K, committed 64384K, reserved 65536K
}
Event: 659.148 GC heap after
{Heap after GC invocations=68 (full 5):
 def new generation   total 61184K, used 3K [0x04e00000, 0x09060000, 0x24e00000)
  eden space 54400K,   0% used [0x04e00000, 0x04e00000, 0x08320000)
  from space 6784K,   0% used [0x08320000, 0x08320c40, 0x089c0000)
  to   space 6784K,   0% used [0x089c0000, 0x089c0000, 0x09060000)
 tenured generation   total 175188K, used 168138K [0x24e00000, 0x2f915000, 0x64e00000)
   the space 175188K,  95% used [0x24e00000, 0x2f232b48, 0x2f232c00, 0x2f915000)
 Metaspace       used 63558K, committed 64384K, reserved 65536K
}
Event: 659.148 GC heap before
{Heap before GC invocations=68 (full 5):
 def new generation   total 61184K, used 3K [0x04e00000, 0x09060000, 0x24e00000)
  eden space 54400K,   0% used [0x04e00000, 0x04e00000, 0x08320000)
  from space 6784K,   0% used [0x08320000, 0x08320c40, 0x089c0000)
  to   space 6784K,   0% used [0x089c0000, 0x089c0000, 0x09060000)
 tenured generation   total 175188K, used 168138K [0x24e00000, 0x2f915000, 0x64e00000)
   the space 175188K,  95% used [0x24e00000, 0x2f232b48, 0x2f232c00, 0x2f915000)
 Metaspace       used 63558K, committed 64384K, reserved 65536K
}
Event: 659.346 GC heap after
{Heap after GC invocations=68 (full 6):
 def new generation   total 126400K, used 0K [0x04e00000, 0x0d720000, 0x24e00000)
  eden space 112384K,   0% used [0x04e00000, 0x04e00000, 0x0bbc0000)
  from space 14016K,   0% used [0x0bbc0000, 0x0bbc0000, 0x0c970000)
  to   space 14016K,   0% used [0x0c970000, 0x0c970000, 0x0d720000)
 tenured generation   total 280240K, used 168141K [0x24e00000, 0x35fac000, 0x64e00000)
   the space 280240K,  59% used [0x24e00000, 0x2f233788, 0x2f233800, 0x35fac000)
 Metaspace       used 63558K, committed 64384K, reserved 65536K
}
Event: 659.503 GC heap before
{Heap before GC invocations=68 (full 6):
 def new generation   total 126400K, used 103729K [0x04e00000, 0x0d720000, 0x24e00000)
  eden space 112384K,  92% used [0x04e00000, 0x0b34c4b8, 0x0bbc0000)
  from space 14016K,   0% used [0x0bbc0000, 0x0bbc0000, 0x0c970000)
  to   space 14016K,   0% used [0x0c970000, 0x0c970000, 0x0d720000)
 tenured generation   total 280240K, used 168141K [0x24e00000, 0x35fac000, 0x64e00000)
   the space 280240K,  59% used [0x24e00000, 0x2f233788, 0x2f233800, 0x35fac000)
 Metaspace       used 63562K, committed 64384K, reserved 65536K
}
Event: 659.547 GC heap after
{Heap after GC invocations=69 (full 6):
 def new generation   total 126400K, used 10412K [0x04e00000, 0x0d720000, 0x24e00000)
  eden space 112384K,   0% used [0x04e00000, 0x04e00000, 0x0bbc0000)
  from space 14016K,  74% used [0x0c970000, 0x0d39b338, 0x0d720000)
  to   space 14016K,   0% used [0x0bbc0000, 0x0bbc0000, 0x0c970000)
 tenured generation   total 280240K, used 237470K [0x24e00000, 0x35fac000, 0x64e00000)
   the space 280240K,  84% used [0x24e00000, 0x335e7a80, 0x335e7c00, 0x35fac000)
 Metaspace       used 63562K, committed 64384K, reserved 65536K
}
Event: 659.582 GC heap before
{Heap before GC invocations=69 (full 6):
 def new generation   total 126400K, used 122794K [0x04e00000, 0x0d720000, 0x24e00000)
  eden space 112384K,  99% used [0x04e00000, 0x0bbbf528, 0x0bbc0000)
  from space 14016K,  74% used [0x0c970000, 0x0d39b338, 0x0d720000)
  to   space 14016K,   0% used [0x0bbc0000, 0x0bbc0000, 0x0c970000)
 tenured generation   total 280240K, used 237470K [0x24e00000, 0x35fac000, 0x64e00000)
   the space 280240K,  84% used [0x24e00000, 0x335e7a80, 0x335e7c00, 0x35fac000)
 Metaspace       used 63567K, committed 64384K, reserved 65536K
}
Event: 659.605 GC heap after
{Heap after GC invocations=70 (full 6):
 def new generation   total 126400K, used 11114K [0x04e00000, 0x0d720000, 0x24e00000)
  eden space 112384K,   0% used [0x04e00000, 0x04e00000, 0x0bbc0000)
  from space 14016K,  79% used [0x0bbc0000, 0x0c69a8e0, 0x0c970000)
  to   space 14016K,   0% used [0x0c970000, 0x0c970000, 0x0d720000)
 tenured generation   total 280240K, used 256304K [0x24e00000, 0x35fac000, 0x64e00000)
   the space 280240K,  91% used [0x24e00000, 0x3484c390, 0x3484c400, 0x35fac000)
 Metaspace       used 63567K, committed 64384K, reserved 65536K
}

