# JRE version: OpenJDK Runtime Environment Zulu17.62+17-CA (17.0.17+10) (build 17.0.17+10-LTS)
# Java VM: OpenJDK Client VM Zulu17.62+17-CA (17.0.17+10-LTS, mixed mode, emulated-client, serial gc, windows-x86)
GC Precious Log:
 CPUs: 8 total, 8 available
 Memory: 16058M
 Large Page Support: Disabled
 NUMA Support: Disabled
 Compressed Oops: Disabled
 Heap Min Capacity: 6M
 Heap Initial Capacity: 16M
 Heap Max Capacity: 1536M
 Pre-touch: Disabled
Heap:
 def new generation   total 113344K, used 99794K [0x05200000, 0x0ccf0000, 0x25200000)
  eden space 100800K,  88% used [0x05200000, 0x0a949f90, 0x0b470000)
  from space 12544K,  82% used [0x0b470000, 0x0be9ab20, 0x0c0b0000)
  to   space 12544K,   0% used [0x0c0b0000, 0x0c0b0000, 0x0ccf0000)
 tenured generation   total 251248K, used 210107K [0x25200000, 0x3475c000, 0x65200000)
   the space 251248K,  83% used [0x25200000, 0x31f2ecd0, 0x31f2ee00, 0x3475c000)
 Metaspace       used 65059K, committed 65408K, reserved 65536K
GC Heap History (20 events):
Event: 10.363 GC heap before
{Heap before GC invocations=59 (full 4):
 def new generation   total 34688K, used 33300K [0x05200000, 0x077a0000, 0x25200000)
  eden space 30848K, 100% used [0x05200000, 0x07020000, 0x07020000)
  from space 3840K,  63% used [0x073e0000, 0x076453a0, 0x077a0000)
  to   space 3840K,   0% used [0x07020000, 0x07020000, 0x073e0000)
 tenured generation   total 76740K, used 62158K [0x25200000, 0x29cf1000, 0x65200000)
   the space 76740K,  80% used [0x25200000, 0x28eb3ac0, 0x28eb3c00, 0x29cf1000)
 Metaspace       used 62030K, committed 62464K, reserved 65536K
}
Event: 10.373 GC heap after
{Heap after GC invocations=60 (full 4):
 def new generation   total 34688K, used 3142K [0x05200000, 0x077a0000, 0x25200000)
  eden space 30848K,   0% used [0x05200000, 0x05200000, 0x07020000)
  from space 3840K,  81% used [0x07020000, 0x07331a68, 0x073e0000)
  to   space 3840K,   0% used [0x073e0000, 0x073e0000, 0x077a0000)
 tenured generation   total 76740K, used 63359K [0x25200000, 0x29cf1000, 0x65200000)
   the space 76740K,  82% used [0x25200000, 0x28fdfe48, 0x28fe0000, 0x29cf1000)
 Metaspace       used 62030K, committed 62464K, reserved 65536K
}
Event: 10.677 GC heap before
{Heap before GC invocations=60 (full 4):
 def new generation   total 34688K, used 33990K [0x05200000, 0x077a0000, 0x25200000)
  eden space 30848K, 100% used [0x05200000, 0x07020000, 0x07020000)
  from space 3840K,  81% used [0x07020000, 0x07331a68, 0x073e0000)
  to   space 3840K,   0% used [0x073e0000, 0x073e0000, 0x077a0000)
 tenured generation   total 76740K, used 63359K [0x25200000, 0x29cf1000, 0x65200000)
   the space 76740K,  82% used [0x25200000, 0x28fdfe48, 0x28fe0000, 0x29cf1000)
 Metaspace       used 63075K, committed 63488K, reserved 65536K
}
Event: 10.696 GC heap after
{Heap after GC invocations=61 (full 4):
 def new generation   total 34688K, used 808K [0x05200000, 0x077a0000, 0x25200000)
  eden space 30848K,   0% used [0x05200000, 0x05200000, 0x07020000)
  from space 3840K,  21% used [0x073e0000, 0x074aa2f8, 0x077a0000)
  to   space 3840K,   0% used [0x07020000, 0x07020000, 0x073e0000)
 tenured generation   total 76740K, used 66481K [0x25200000, 0x29cf1000, 0x65200000)
   the space 76740K,  86% used [0x25200000, 0x292ec6a8, 0x292ec800, 0x29cf1000)
 Metaspace       used 63075K, committed 63488K, reserved 65536K
}
Event: 168.298 GC heap before
{Heap before GC invocations=61 (full 4):
 def new generation   total 34688K, used 31656K [0x05200000, 0x077a0000, 0x25200000)
  eden space 30848K, 100% used [0x05200000, 0x07020000, 0x07020000)
  from space 3840K,  21% used [0x073e0000, 0x074aa2f8, 0x077a0000)
  to   space 3840K,   0% used [0x07020000, 0x07020000, 0x073e0000)
 tenured generation   total 76740K, used 66481K [0x25200000, 0x29cf1000, 0x65200000)
   the space 76740K,  86% used [0x25200000, 0x292ec6a8, 0x292ec800, 0x29cf1000)
 Metaspace       used 63311K, committed 63744K, reserved 65536K
}
Event: 168.306 GC heap after
{Heap after GC invocations=62 (full 4):
 def new generation   total 34688K, used 1002K [0x05200000, 0x077a0000, 0x25200000)
  eden space 30848K,   0% used [0x05200000, 0x05200000, 0x07020000)
  from space 3840K,  26% used [0x07020000, 0x0711ab28, 0x073e0000)
  to   space 3840K,   0% used [0x073e0000, 0x073e0000, 0x077a0000)
 tenured generation   total 76740K, used 66481K [0x25200000, 0x29cf1000, 0x65200000)
   the space 76740K,  86% used [0x25200000, 0x292ec6a8, 0x292ec800, 0x29cf1000)
 Metaspace       used 63311K, committed 63744K, reserved 65536K
}
Event: 185.670 GC heap before
{Heap before GC invocations=62 (full 4):
 def new generation   total 34688K, used 31656K [0x05200000, 0x077a0000, 0x25200000)
  eden space 30848K,  99% used [0x05200000, 0x06fef548, 0x07020000)
  from space 3840K,  26% used [0x07020000, 0x0711ab28, 0x073e0000)
  to   space 3840K,   0% used [0x073e0000, 0x073e0000, 0x077a0000)
 tenured generation   total 76740K, used 66481K [0x25200000, 0x29cf1000, 0x65200000)
   the space 76740K,  86% used [0x25200000, 0x292ec6a8, 0x292ec800, 0x29cf1000)
 Metaspace       used 63476K, committed 63872K, reserved 65536K
}
Event: 185.692 GC heap after
{Heap after GC invocations=63 (full 4):
 def new generation   total 34688K, used 1193K [0x05200000, 0x077a0000, 0x25200000)
  eden space 30848K,   0% used [0x05200000, 0x05200000, 0x07020000)
  from space 3840K,  31% used [0x073e0000, 0x0750a530, 0x077a0000)
  to   space 3840K,   0% used [0x07020000, 0x07020000, 0x073e0000)
 tenured generation   total 87688K, used 87137K [0x25200000, 0x2a7a2000, 0x65200000)
   the space 87688K,  99% used [0x25200000, 0x2a7187b8, 0x2a718800, 0x2a7a2000)
 Metaspace       used 63476K, committed 63872K, reserved 65536K
}
Event: 185.692 GC heap before
{Heap before GC invocations=63 (full 4):
 def new generation   total 34688K, used 1193K [0x05200000, 0x077a0000, 0x25200000)
  eden space 30848K,   0% used [0x05200000, 0x05200000, 0x07020000)
  from space 3840K,  31% used [0x073e0000, 0x0750a530, 0x077a0000)
  to   space 3840K,   0% used [0x07020000, 0x07020000, 0x073e0000)
 tenured generation   total 87688K, used 87137K [0x25200000, 0x2a7a2000, 0x65200000)
   the space 87688K,  99% used [0x25200000, 0x2a7187b8, 0x2a718800, 0x2a7a2000)
 Metaspace       used 63476K, committed 63872K, reserved 65536K
}
Event: 185.858 GC heap after
{Heap after GC invocations=63 (full 5):
 def new generation   total 62528K, used 0K [0x05200000, 0x095d0000, 0x25200000)
  eden space 55616K,   0% used [0x05200000, 0x05200000, 0x08850000)
  from space 6912K,   0% used [0x08850000, 0x08850000, 0x08f10000)
  to   space 6912K,   0% used [0x08f10000, 0x08f10000, 0x095d0000)
 tenured generation   total 138372K, used 83021K [0x25200000, 0x2d921000, 0x65200000)
   the space 138372K,  59% used [0x25200000, 0x2a3137b0, 0x2a313800, 0x2d921000)
 Metaspace       used 63243K, committed 63872K, reserved 65536K
}
Event: 185.872 GC heap before
{Heap before GC invocations=63 (full 5):
 def new generation   total 62528K, used 55166K [0x05200000, 0x095d0000, 0x25200000)
  eden space 55616K,  99% used [0x05200000, 0x087df830, 0x08850000)
  from space 6912K,   0% used [0x08850000, 0x08850000, 0x08f10000)
  to   space 6912K,   0% used [0x08f10000, 0x08f10000, 0x095d0000)
 tenured generation   total 138372K, used 83021K [0x25200000, 0x2d921000, 0x65200000)
   the space 138372K,  59% used [0x25200000, 0x2a3137b0, 0x2a313800, 0x2d921000)
 Metaspace       used 63243K, committed 63872K, reserved 65536K
}
Event: 185.895 GC heap after
{Heap after GC invocations=64 (full 5):
 def new generation   total 62528K, used 2K [0x05200000, 0x095d0000, 0x25200000)
  eden space 55616K,   0% used [0x05200000, 0x05200000, 0x08850000)
  from space 6912K,   0% used [0x08f10000, 0x08f10b88, 0x095d0000)
  to   space 6912K,   0% used [0x08850000, 0x08850000, 0x08f10000)
 tenured generation   total 138372K, used 137454K [0x25200000, 0x2d921000, 0x65200000)
   the space 138372K,  99% used [0x25200000, 0x2d83b968, 0x2d83ba00, 0x2d921000)
 Metaspace       used 63243K, committed 63872K, reserved 65536K
}
Event: 185.981 GC heap before
{Heap before GC invocations=64 (full 5):
 def new generation   total 62528K, used 35517K [0x05200000, 0x095d0000, 0x25200000)
  eden space 55616K,  63% used [0x05200000, 0x074aec28, 0x08850000)
  from space 6912K,   0% used [0x08f10000, 0x08f10b88, 0x095d0000)
  to   space 6912K,   0% used [0x08850000, 0x08850000, 0x08f10000)
 tenured generation   total 138372K, used 137454K [0x25200000, 0x2d921000, 0x65200000)
   the space 138372K,  99% used [0x25200000, 0x2d83b968, 0x2d83ba00, 0x2d921000)
 Metaspace       used 63252K, committed 63872K, reserved 65536K
}
Event: 186.003 GC heap after
{Heap after GC invocations=65 (full 5):
 def new generation   total 62528K, used 59K [0x05200000, 0x095d0000, 0x25200000)
  eden space 55616K,   0% used [0x05200000, 0x05200000, 0x08850000)
  from space 6912K,   0% used [0x08850000, 0x0885efa0, 0x08f10000)
  to   space 6912K,   0% used [0x08f10000, 0x08f10000, 0x095d0000)
 tenured generation   total 172284K, used 171358K [0x25200000, 0x2fa3f000, 0x65200000)
   the space 172284K,  99% used [0x25200000, 0x2f957a80, 0x2f957c00, 0x2fa3f000)
 Metaspace       used 63252K, committed 63872K, reserved 65536K
}
Event: 186.003 GC heap before
{Heap before GC invocations=65 (full 5):
 def new generation   total 62528K, used 59K [0x05200000, 0x095d0000, 0x25200000)
  eden space 55616K,   0% used [0x05200000, 0x05200000, 0x08850000)
  from space 6912K,   0% used [0x08850000, 0x0885efa0, 0x08f10000)
  to   space 6912K,   0% used [0x08f10000, 0x08f10000, 0x095d0000)
 tenured generation   total 172284K, used 171358K [0x25200000, 0x2fa3f000, 0x65200000)
   the space 172284K,  99% used [0x25200000, 0x2f957a80, 0x2f957c00, 0x2fa3f000)
 Metaspace       used 63252K, committed 63872K, reserved 65536K
}
Event: 186.137 GC heap after
{Heap after GC invocations=65 (full 6):
 def new generation   total 113344K, used 0K [0x05200000, 0x0ccf0000, 0x25200000)
  eden space 100800K,   0% used [0x05200000, 0x05200000, 0x0b470000)
  from space 12544K,   0% used [0x0b470000, 0x0b470000, 0x0c0b0000)
  to   space 12544K,   0% used [0x0c0b0000, 0x0c0b0000, 0x0ccf0000)
 tenured generation   total 251248K, used 150747K [0x25200000, 0x3475c000, 0x65200000)
   the space 251248K,  59% used [0x25200000, 0x2e536fd0, 0x2e537000, 0x3475c000)
 Metaspace       used 63252K, committed 63872K, reserved 65536K
}
Event: 186.212 GC heap before
{Heap before GC invocations=65 (full 6):
 def new generation   total 113344K, used 92813K [0x05200000, 0x0ccf0000, 0x25200000)
  eden space 100800K,  92% used [0x05200000, 0x0aca3430, 0x0b470000)
  from space 12544K,   0% used [0x0b470000, 0x0b470000, 0x0c0b0000)
  to   space 12544K,   0% used [0x0c0b0000, 0x0c0b0000, 0x0ccf0000)
 tenured generation   total 251248K, used 150747K [0x25200000, 0x3475c000, 0x65200000)
   the space 251248K,  59% used [0x25200000, 0x2e536fd0, 0x2e537000, 0x3475c000)
 Metaspace       used 63252K, committed 63872K, reserved 65536K
}
Event: 186.228 GC heap after
{Heap after GC invocations=66 (full 6):
 def new generation   total 113344K, used 15K [0x05200000, 0x0ccf0000, 0x25200000)
  eden space 100800K,   0% used [0x05200000, 0x05200000, 0x0b470000)
  from space 12544K,   0% used [0x0c0b0000, 0x0c0b3c88, 0x0ccf0000)
  to   space 12544K,   0% used [0x0b470000, 0x0b470000, 0x0c0b0000)
 tenured generation   total 251248K, used 187995K [0x25200000, 0x3475c000, 0x65200000)
   the space 251248K,  74% used [0x25200000, 0x30996c38, 0x30996e00, 0x3475c000)
 Metaspace       used 63252K, committed 63872K, reserved 65536K
}
Event: 186.274 GC heap before
{Heap before GC invocations=66 (full 6):
 def new generation   total 113344K, used 89884K [0x05200000, 0x0ccf0000, 0x25200000)
  eden space 100800K,  89% used [0x05200000, 0x0a9c3690, 0x0b470000)
  from space 12544K,   0% used [0x0c0b0000, 0x0c0b3c88, 0x0ccf0000)
  to   space 12544K,   0% used [0x0b470000, 0x0b470000, 0x0c0b0000)
 tenured generation   total 251248K, used 187995K [0x25200000, 0x3475c000, 0x65200000)
   the space 251248K,  74% used [0x25200000, 0x30996c38, 0x30996e00, 0x3475c000)
 Metaspace       used 63256K, committed 63872K, reserved 65536K
}
Event: 186.293 GC heap after
{Heap after GC invocations=67 (full 6):
 def new generation   total 113344K, used 10410K [0x05200000, 0x0ccf0000, 0x25200000)
  eden space 100800K,   0% used [0x05200000, 0x05200000, 0x0b470000)
  from space 12544K,  82% used [0x0b470000, 0x0be9ab20, 0x0c0b0000)
  to   space 12544K,   0% used [0x0c0b0000, 0x0c0b0000, 0x0ccf0000)
 tenured generation   total 251248K, used 210107K [0x25200000, 0x3475c000, 0x65200000)
   the space 251248K,  83% used [0x25200000, 0x31f2ecd0, 0x31f2ee00, 0x3475c000)
 Metaspace       used 63256K, committed 63872K, reserved 65536K
}

