# JRE version: OpenJDK Runtime Environment Zulu17.62+17-CA (17.0.17+10) (build 17.0.17+10-LTS)
# Java VM: OpenJDK Client VM Zulu17.62+17-CA (17.0.17+10-LTS, mixed mode, emulated-client, serial gc, windows-x86)
GC Precious Log:
 CPUs: 8 total, 8 available
 Memory: 16058M
 Large Page Support: Disabled
 NUMA Support: Disabled
 Compressed Oops: Disabled
 Heap Min Capacity: 6M
 Heap Initial Capacity: 16M
 Heap Max Capacity: 1536M
 Pre-touch: Disabled
Heap:
 def new generation   total 102080K, used 42897K [0x04e00000, 0x0bcc0000, 0x24e00000)
  eden space 90752K,  42% used [0x04e00000, 0x073ce698, 0x0a6a0000)
  from space 11328K,  36% used [0x0a6a0000, 0x0aab5dc0, 0x0b1b0000)
  to   space 11328K,   0% used [0x0b1b0000, 0x0b1b0000, 0x0bcc0000)
 tenured generation   total 225916K, used 180744K [0x24e00000, 0x32a9f000, 0x64e00000)
   the space 225916K,  80% used [0x24e00000, 0x2fe82270, 0x2fe82400, 0x32a9f000)
 Metaspace       used 96984K, committed 97472K, reserved 98304K
GC Heap History (20 events):
Event: 5366.336 GC heap before
{Heap before GC invocations=187 (full 10):
 def new generation   total 102080K, used 95234K [0x04e00000, 0x0bcc0000, 0x24e00000)
  eden space 90752K, 100% used [0x04e00000, 0x0a6a0000, 0x0a6a0000)
  from space 11328K,  39% used [0x0a6a0000, 0x0ab00810, 0x0b1b0000)
  to   space 11328K,   0% used [0x0b1b0000, 0x0b1b0000, 0x0bcc0000)
 tenured generation   total 225916K, used 176895K [0x24e00000, 0x32a9f000, 0x64e00000)
   the space 225916K,  78% used [0x24e00000, 0x2fabff88, 0x2fac0000, 0x32a9f000)
 Metaspace       used 94351K, committed 94848K, reserved 98304K
}
Event: 5366.341 GC heap after
{Heap after GC invocations=188 (full 10):
 def new generation   total 102080K, used 3853K [0x04e00000, 0x0bcc0000, 0x24e00000)
  eden space 90752K,   0% used [0x04e00000, 0x04e00000, 0x0a6a0000)
  from space 11328K,  34% used [0x0b1b0000, 0x0b573480, 0x0bcc0000)
  to   space 11328K,   0% used [0x0a6a0000, 0x0a6a0000, 0x0b1b0000)
 tenured generation   total 225916K, used 176895K [0x24e00000, 0x32a9f000, 0x64e00000)
   the space 225916K,  78% used [0x24e00000, 0x2fabff88, 0x2fac0000, 0x32a9f000)
 Metaspace       used 94351K, committed 94848K, reserved 98304K
}
Event: 5367.140 GC heap before
{Heap before GC invocations=188 (full 10):
 def new generation   total 102080K, used 94605K [0x04e00000, 0x0bcc0000, 0x24e00000)
  eden space 90752K, 100% used [0x04e00000, 0x0a6a0000, 0x0a6a0000)
  from space 11328K,  34% used [0x0b1b0000, 0x0b573480, 0x0bcc0000)
  to   space 11328K,   0% used [0x0a6a0000, 0x0a6a0000, 0x0b1b0000)
 tenured generation   total 225916K, used 176895K [0x24e00000, 0x32a9f000, 0x64e00000)
   the space 225916K,  78% used [0x24e00000, 0x2fabff88, 0x2fac0000, 0x32a9f000)
 Metaspace       used 94351K, committed 94848K, reserved 98304K
}
Event: 5367.148 GC heap after
{Heap after GC invocations=189 (full 10):
 def new generation   total 102080K, used 4805K [0x04e00000, 0x0bcc0000, 0x24e00000)
  eden space 90752K,   0% used [0x04e00000, 0x04e00000, 0x0a6a0000)
  from space 11328K,  42% used [0x0a6a0000, 0x0ab517c8, 0x0b1b0000)
  to   space 11328K,   0% used [0x0b1b0000, 0x0b1b0000, 0x0bcc0000)
 tenured generation   total 225916K, used 176895K [0x24e00000, 0x32a9f000, 0x64e00000)
   the space 225916K,  78% used [0x24e00000, 0x2fabff88, 0x2fac0000, 0x32a9f000)
 Metaspace       used 94351K, committed 94848K, reserved 98304K
}
Event: 5368.002 GC heap before
{Heap before GC invocations=189 (full 10):
 def new generation   total 102080K, used 95557K [0x04e00000, 0x0bcc0000, 0x24e00000)
  eden space 90752K, 100% used [0x04e00000, 0x0a6a0000, 0x0a6a0000)
  from space 11328K,  42% used [0x0a6a0000, 0x0ab517c8, 0x0b1b0000)
  to   space 11328K,   0% used [0x0b1b0000, 0x0b1b0000, 0x0bcc0000)
 tenured generation   total 225916K, used 176895K [0x24e00000, 0x32a9f000, 0x64e00000)
   the space 225916K,  78% used [0x24e00000, 0x2fabff88, 0x2fac0000, 0x32a9f000)
 Metaspace       used 94351K, committed 94848K, reserved 98304K
}
Event: 5368.011 GC heap after
{Heap after GC invocations=190 (full 10):
 def new generation   total 102080K, used 5745K [0x04e00000, 0x0bcc0000, 0x24e00000)
  eden space 90752K,   0% used [0x04e00000, 0x04e00000, 0x0a6a0000)
  from space 11328K,  50% used [0x0b1b0000, 0x0b74c630, 0x0bcc0000)
  to   space 11328K,   0% used [0x0a6a0000, 0x0a6a0000, 0x0b1b0000)
 tenured generation   total 225916K, used 176895K [0x24e00000, 0x32a9f000, 0x64e00000)
   the space 225916K,  78% used [0x24e00000, 0x2fabff88, 0x2fac0000, 0x32a9f000)
 Metaspace       used 94351K, committed 94848K, reserved 98304K
}
Event: 5368.756 GC heap before
{Heap before GC invocations=190 (full 10):
 def new generation   total 102080K, used 96497K [0x04e00000, 0x0bcc0000, 0x24e00000)
  eden space 90752K, 100% used [0x04e00000, 0x0a6a0000, 0x0a6a0000)
  from space 11328K,  50% used [0x0b1b0000, 0x0b74c630, 0x0bcc0000)
  to   space 11328K,   0% used [0x0a6a0000, 0x0a6a0000, 0x0b1b0000)
 tenured generation   total 225916K, used 176895K [0x24e00000, 0x32a9f000, 0x64e00000)
   the space 225916K,  78% used [0x24e00000, 0x2fabff88, 0x2fac0000, 0x32a9f000)
 Metaspace       used 94351K, committed 94848K, reserved 98304K
}
Event: 5368.762 GC heap after
{Heap after GC invocations=191 (full 10):
 def new generation   total 102080K, used 2828K [0x04e00000, 0x0bcc0000, 0x24e00000)
  eden space 90752K,   0% used [0x04e00000, 0x04e00000, 0x0a6a0000)
  from space 11328K,  24% used [0x0a6a0000, 0x0a963320, 0x0b1b0000)
  to   space 11328K,   0% used [0x0b1b0000, 0x0b1b0000, 0x0bcc0000)
 tenured generation   total 225916K, used 180744K [0x24e00000, 0x32a9f000, 0x64e00000)
   the space 225916K,  80% used [0x24e00000, 0x2fe82270, 0x2fe82400, 0x32a9f000)
 Metaspace       used 94351K, committed 94848K, reserved 98304K
}
Event: 5369.437 GC heap before
{Heap before GC invocations=191 (full 10):
 def new generation   total 102080K, used 93580K [0x04e00000, 0x0bcc0000, 0x24e00000)
  eden space 90752K, 100% used [0x04e00000, 0x0a6a0000, 0x0a6a0000)
  from space 11328K,  24% used [0x0a6a0000, 0x0a963320, 0x0b1b0000)
  to   space 11328K,   0% used [0x0b1b0000, 0x0b1b0000, 0x0bcc0000)
 tenured generation   total 225916K, used 180744K [0x24e00000, 0x32a9f000, 0x64e00000)
   the space 225916K,  80% used [0x24e00000, 0x2fe82270, 0x2fe82400, 0x32a9f000)
 Metaspace       used 94351K, committed 94848K, reserved 98304K
}
Event: 5369.448 GC heap after
{Heap after GC invocations=192 (full 10):
 def new generation   total 102080K, used 3870K [0x04e00000, 0x0bcc0000, 0x24e00000)
  eden space 90752K,   0% used [0x04e00000, 0x04e00000, 0x0a6a0000)
  from space 11328K,  34% used [0x0b1b0000, 0x0b577a40, 0x0bcc0000)
  to   space 11328K,   0% used [0x0a6a0000, 0x0a6a0000, 0x0b1b0000)
 tenured generation   total 225916K, used 180744K [0x24e00000, 0x32a9f000, 0x64e00000)
   the space 225916K,  80% used [0x24e00000, 0x2fe82270, 0x2fe82400, 0x32a9f000)
 Metaspace       used 94351K, committed 94848K, reserved 98304K
}
Event: 5370.123 GC heap before
{Heap before GC invocations=192 (full 10):
 def new generation   total 102080K, used 94622K [0x04e00000, 0x0bcc0000, 0x24e00000)
  eden space 90752K, 100% used [0x04e00000, 0x0a6a0000, 0x0a6a0000)
  from space 11328K,  34% used [0x0b1b0000, 0x0b577a40, 0x0bcc0000)
  to   space 11328K,   0% used [0x0a6a0000, 0x0a6a0000, 0x0b1b0000)
 tenured generation   total 225916K, used 180744K [0x24e00000, 0x32a9f000, 0x64e00000)
   the space 225916K,  80% used [0x24e00000, 0x2fe82270, 0x2fe82400, 0x32a9f000)
 Metaspace       used 94354K, committed 94848K, reserved 98304K
}
Event: 5370.133 GC heap after
{Heap after GC invocations=193 (full 10):
 def new generation   total 102080K, used 4792K [0x04e00000, 0x0bcc0000, 0x24e00000)
  eden space 90752K,   0% used [0x04e00000, 0x04e00000, 0x0a6a0000)
  from space 11328K,  42% used [0x0a6a0000, 0x0ab4e318, 0x0b1b0000)
  to   space 11328K,   0% used [0x0b1b0000, 0x0b1b0000, 0x0bcc0000)
 tenured generation   total 225916K, used 180744K [0x24e00000, 0x32a9f000, 0x64e00000)
   the space 225916K,  80% used [0x24e00000, 0x2fe82270, 0x2fe82400, 0x32a9f000)
 Metaspace       used 94354K, committed 94848K, reserved 98304K
}
Event: 5370.894 GC heap before
{Heap before GC invocations=193 (full 10):
 def new generation   total 102080K, used 95544K [0x04e00000, 0x0bcc0000, 0x24e00000)
  eden space 90752K, 100% used [0x04e00000, 0x0a6a0000, 0x0a6a0000)
  from space 11328K,  42% used [0x0a6a0000, 0x0ab4e318, 0x0b1b0000)
  to   space 11328K,   0% used [0x0b1b0000, 0x0b1b0000, 0x0bcc0000)
 tenured generation   total 225916K, used 180744K [0x24e00000, 0x32a9f000, 0x64e00000)
   the space 225916K,  80% used [0x24e00000, 0x2fe82270, 0x2fe82400, 0x32a9f000)
 Metaspace       used 94354K, committed 94848K, reserved 98304K
}
Event: 5370.901 GC heap after
{Heap after GC invocations=194 (full 10):
 def new generation   total 102080K, used 4170K [0x04e00000, 0x0bcc0000, 0x24e00000)
  eden space 90752K,   0% used [0x04e00000, 0x04e00000, 0x0a6a0000)
  from space 11328K,  36% used [0x0b1b0000, 0x0b5c2a00, 0x0bcc0000)
  to   space 11328K,   0% used [0x0a6a0000, 0x0a6a0000, 0x0b1b0000)
 tenured generation   total 225916K, used 180744K [0x24e00000, 0x32a9f000, 0x64e00000)
   the space 225916K,  80% used [0x24e00000, 0x2fe82270, 0x2fe82400, 0x32a9f000)
 Metaspace       used 94354K, committed 94848K, reserved 98304K
}
Event: 5372.753 GC heap before
{Heap before GC invocations=194 (full 10):
 def new generation   total 102080K, used 94922K [0x04e00000, 0x0bcc0000, 0x24e00000)
  eden space 90752K, 100% used [0x04e00000, 0x0a6a0000, 0x0a6a0000)
  from space 11328K,  36% used [0x0b1b0000, 0x0b5c2a00, 0x0bcc0000)
  to   space 11328K,   0% used [0x0a6a0000, 0x0a6a0000, 0x0b1b0000)
 tenured generation   total 225916K, used 180744K [0x24e00000, 0x32a9f000, 0x64e00000)
   the space 225916K,  80% used [0x24e00000, 0x2fe82270, 0x2fe82400, 0x32a9f000)
 Metaspace       used 94354K, committed 94848K, reserved 98304K
}
Event: 5372.763 GC heap after
{Heap after GC invocations=195 (full 10):
 def new generation   total 102080K, used 4515K [0x04e00000, 0x0bcc0000, 0x24e00000)
  eden space 90752K,   0% used [0x04e00000, 0x04e00000, 0x0a6a0000)
  from space 11328K,  39% used [0x0a6a0000, 0x0ab08e50, 0x0b1b0000)
  to   space 11328K,   0% used [0x0b1b0000, 0x0b1b0000, 0x0bcc0000)
 tenured generation   total 225916K, used 180744K [0x24e00000, 0x32a9f000, 0x64e00000)
   the space 225916K,  80% used [0x24e00000, 0x2fe82270, 0x2fe82400, 0x32a9f000)
 Metaspace       used 94354K, committed 94848K, reserved 98304K
}
Event: 5373.562 GC heap before
{Heap before GC invocations=195 (full 10):
 def new generation   total 102080K, used 95267K [0x04e00000, 0x0bcc0000, 0x24e00000)
  eden space 90752K, 100% used [0x04e00000, 0x0a6a0000, 0x0a6a0000)
  from space 11328K,  39% used [0x0a6a0000, 0x0ab08e50, 0x0b1b0000)
  to   space 11328K,   0% used [0x0b1b0000, 0x0b1b0000, 0x0bcc0000)
 tenured generation   total 225916K, used 180744K [0x24e00000, 0x32a9f000, 0x64e00000)
   the space 225916K,  80% used [0x24e00000, 0x2fe82270, 0x2fe82400, 0x32a9f000)
 Metaspace       used 94357K, committed 94848K, reserved 98304K
}
Event: 5373.573 GC heap after
{Heap after GC invocations=196 (full 10):
 def new generation   total 102080K, used 4314K [0x04e00000, 0x0bcc0000, 0x24e00000)
  eden space 90752K,   0% used [0x04e00000, 0x04e00000, 0x0a6a0000)
  from space 11328K,  38% used [0x0b1b0000, 0x0b5e68b8, 0x0bcc0000)
  to   space 11328K,   0% used [0x0a6a0000, 0x0a6a0000, 0x0b1b0000)
 tenured generation   total 225916K, used 180744K [0x24e00000, 0x32a9f000, 0x64e00000)
   the space 225916K,  80% used [0x24e00000, 0x2fe82270, 0x2fe82400, 0x32a9f000)
 Metaspace       used 94357K, committed 94848K, reserved 98304K
}
Event: 5375.411 GC heap before
{Heap before GC invocations=196 (full 10):
 def new generation   total 102080K, used 95066K [0x04e00000, 0x0bcc0000, 0x24e00000)
  eden space 90752K, 100% used [0x04e00000, 0x0a6a0000, 0x0a6a0000)
  from space 11328K,  38% used [0x0b1b0000, 0x0b5e68b8, 0x0bcc0000)
  to   space 11328K,   0% used [0x0a6a0000, 0x0a6a0000, 0x0b1b0000)
 tenured generation   total 225916K, used 180744K [0x24e00000, 0x32a9f000, 0x64e00000)
   the space 225916K,  80% used [0x24e00000, 0x2fe82270, 0x2fe82400, 0x32a9f000)
 Metaspace       used 94358K, committed 94848K, reserved 98304K
}
Event: 5375.416 GC heap after
{Heap after GC invocations=197 (full 10):
 def new generation   total 102080K, used 4183K [0x04e00000, 0x0bcc0000, 0x24e00000)
  eden space 90752K,   0% used [0x04e00000, 0x04e00000, 0x0a6a0000)
  from space 11328K,  36% used [0x0a6a0000, 0x0aab5dc0, 0x0b1b0000)
  to   space 11328K,   0% used [0x0b1b0000, 0x0b1b0000, 0x0bcc0000)
 tenured generation   total 225916K, used 180744K [0x24e00000, 0x32a9f000, 0x64e00000)
   the space 225916K,  80% used [0x24e00000, 0x2fe82270, 0x2fe82400, 0x32a9f000)
 Metaspace       used 94358K, committed 94848K, reserved 98304K
}

